0 info it worked if it ends with ok
1 verbose cli [ 'node',
1 verbose cli   '/usr/local/bin/npm',
1 verbose cli   'install',
1 verbose cli   '../node-slack-client-master' ]
2 info using npm@2.10.1
3 info using node@v0.12.4
4 verbose node symlink /usr/local/bin/node
5 verbose install initial load of /Users/ahuang/Documents/Dev/standup/package.json
6 verbose installManyTop reading scoped package data from /Users/ahuang/Documents/Dev/standup/node_modules/hubot/package.json
7 verbose installManyTop reading scoped package data from /Users/ahuang/Documents/Dev/standup/node_modules/hubot-astroscrum/package.json
8 verbose installManyTop reading scoped package data from /Users/ahuang/Documents/Dev/standup/node_modules/hubot-business-cat/package.json
9 verbose installManyTop reading scoped package data from /Users/ahuang/Documents/Dev/standup/node_modules/hubot-daily-update/package.json
10 verbose installManyTop reading scoped package data from /Users/ahuang/Documents/Dev/standup/node_modules/hubot-diagnostics/package.json
11 verbose installManyTop reading scoped package data from /Users/ahuang/Documents/Dev/standup/node_modules/hubot-google-images/package.json
12 verbose installManyTop reading scoped package data from /Users/ahuang/Documents/Dev/standup/node_modules/hubot-google-translate/package.json
13 verbose installManyTop reading scoped package data from /Users/ahuang/Documents/Dev/standup/node_modules/hubot-help/package.json
14 verbose installManyTop reading scoped package data from /Users/ahuang/Documents/Dev/standup/node_modules/hubot-heroku-keepalive/package.json
15 verbose installManyTop reading scoped package data from /Users/ahuang/Documents/Dev/standup/node_modules/hubot-maps/package.json
16 verbose installManyTop reading scoped package data from /Users/ahuang/Documents/Dev/standup/node_modules/hubot-pugme/package.json
17 verbose installManyTop reading scoped package data from /Users/ahuang/Documents/Dev/standup/node_modules/hubot-redis-brain/package.json
18 verbose installManyTop reading scoped package data from /Users/ahuang/Documents/Dev/standup/node_modules/hubot-rules/package.json
19 verbose installManyTop reading scoped package data from /Users/ahuang/Documents/Dev/standup/node_modules/hubot-scripts/package.json
20 verbose installManyTop reading scoped package data from /Users/ahuang/Documents/Dev/standup/node_modules/hubot-shipit/package.json
21 verbose installManyTop reading scoped package data from /Users/ahuang/Documents/Dev/standup/node_modules/hubot-slack/package.json
22 verbose installManyTop reading scoped package data from /Users/ahuang/Documents/Dev/standup/node_modules/hubot-standup-alarm/package.json
23 verbose installManyTop reading scoped package data from /Users/ahuang/Documents/Dev/standup/node_modules/save/package.json
24 info package.json hubot-scripts@2.16.1 No license field.
25 info package.json save@2.1.1 No license field.
26 info package.json hubot-slack@3.3.0 No license field.
27 verbose readDependencies loading dependencies from /Users/ahuang/Documents/Dev/standup/package.json
28 silly cache add args [ '../node-slack-client-master', null ]
29 verbose cache add spec ../node-slack-client-master
30 silly cache add parsed spec { raw: '../node-slack-client-master',
30 silly cache add   scope: null,
30 silly cache add   name: null,
30 silly cache add   rawSpec: '../node-slack-client-master',
30 silly cache add   spec: '/Users/ahuang/Documents/Dev/node-slack-client-master',
30 silly cache add   type: 'directory' }
31 verbose addLocalDirectory /Users/ahuang/.npm/slack-client/1.4.1/package.tgz not in flight; packing
32 verbose tar pack [ '/Users/ahuang/.npm/slack-client/1.4.1/package.tgz',
32 verbose tar pack   '/Users/ahuang/Documents/Dev/node-slack-client-master' ]
33 verbose tarball /Users/ahuang/.npm/slack-client/1.4.1/package.tgz
34 verbose folder /Users/ahuang/Documents/Dev/node-slack-client-master
35 info prepublish slack-client@1.4.1
36 verbose unsafe-perm in lifecycle true
37 info slack-client@1.4.1 Failed to exec prepublish script
38 error addLocalDirectory Could not pack /Users/ahuang/Documents/Dev/node-slack-client-master to /Users/ahuang/.npm/slack-client/1.4.1/package.tgz
39 error addLocal Could not install /Users/ahuang/Documents/Dev/node-slack-client-master
40 verbose stack Error: slack-client@1.4.1 prepublish: `grunt prepublish`
40 verbose stack spawn ENOENT
40 verbose stack     at ChildProcess.<anonymous> (/usr/local/lib/node_modules/npm/lib/utils/spawn.js:17:16)
40 verbose stack     at ChildProcess.emit (events.js:110:17)
40 verbose stack     at maybeClose (child_process.js:1015:16)
40 verbose stack     at Process.ChildProcess._handle.onexit (child_process.js:1087:5)
41 verbose pkgid slack-client@1.4.1
42 verbose cwd /Users/ahuang/Documents/Dev/standup
43 error Darwin 14.4.0
44 error argv "node" "/usr/local/bin/npm" "install" "../node-slack-client-master"
45 error node v0.12.4
46 error npm  v2.10.1
47 error file sh
48 error code ELIFECYCLE
49 error errno ENOENT
50 error syscall spawn
51 error slack-client@1.4.1 prepublish: `grunt prepublish`
51 error spawn ENOENT
52 error Failed at the slack-client@1.4.1 prepublish script 'grunt prepublish'.
52 error This is most likely a problem with the slack-client package,
52 error not with npm itself.
52 error Tell the author that this fails on your system:
52 error     grunt prepublish
52 error You can get their info via:
52 error     npm owner ls slack-client
52 error There is likely additional logging output above.
53 verbose exit [ 1, true ]
